<?xml version="1.0" encoding="UTF-8"?>
<testng-results ignored="0" total="1" passed="1" failed="0" skipped="0">
  <reporter-output>
  </reporter-output>
  <suite started-at="2020-06-08T16:39:33 IST" name="test.java.MyTest" finished-at="2020-06-08T16:39:34 IST" duration-ms="76">
    <groups>
    </groups>
    <test started-at="2020-06-08T16:39:33 IST" name="Command line test" finished-at="2020-06-08T16:39:34 IST" duration-ms="76">
      <class name="test.java.MyTest">
        <test-method signature="test1()[pri:0, instance:test.java.MyTest@2ea227af]" started-at="2020-06-08T16:39:33 IST" name="test1" finished-at="2020-06-08T16:39:34 IST" duration-ms="14" status="PASS">
          <reporter-output>
          </reporter-output>
        </test-method> <!-- test1 -->
      </class> <!-- test.java.MyTest -->
    </test> <!-- Command line test -->
  </suite> <!-- test.java.MyTest -->
</testng-results>
